Determining if the pthread_create exist failed with the following output:
Change Dir: /home/dineth/ex2_sdr/gr-albertasat/build/CMakeFiles/CMakeTmp

Run Build Command:"/usr/bin/make" "cmTC_5609d/fast"
/usr/bin/make -f CMakeFiles/cmTC_5609d.dir/build.make CMakeFiles/cmTC_5609d.dir/build
make[1]: Entering directory '/home/dineth/ex2_sdr/gr-albertasat/build/CMakeFiles/CMakeTmp'
Building C object CMakeFiles/cmTC_5609d.dir/CheckSymbolExists.c.o
/usr/bin/cc   -std=gnu11 -o CMakeFiles/cmTC_5609d.dir/CheckSymbolExists.c.o   -c /home/dineth/ex2_sdr/gr-albertasat/build/CMakeFiles/CMakeTmp/CheckSymbolExists.c
Linking C executable cmTC_5609d
/usr/bin/cmake -E cmake_link_script CMakeFiles/cmTC_5609d.dir/link.txt --verbose=1
/usr/bin/cc      CMakeFiles/cmTC_5609d.dir/CheckSymbolExists.c.o  -o cmTC_5609d 
CMakeFiles/cmTC_5609d.dir/CheckSymbolExists.c.o: In function `main':
CheckSymbolExists.c:(.text+0x1b): undefined reference to `pthread_create'
collect2: error: ld returned 1 exit status
CMakeFiles/cmTC_5609d.dir/build.make:97: recipe for target 'cmTC_5609d' failed
make[1]: *** [cmTC_5609d] Error 1
make[1]: Leaving directory '/home/dineth/ex2_sdr/gr-albertasat/build/CMakeFiles/CMakeTmp'
Makefile:126: recipe for target 'cmTC_5609d/fast' failed
make: *** [cmTC_5609d/fast] Error 2

File /home/dineth/ex2_sdr/gr-albertasat/build/CMakeFiles/CMakeTmp/CheckSymbolExists.c:
/* */
#include <pthread.h>

int main(int argc, char** argv)
{
  (void)argv;
#ifndef pthread_create
  return ((int*)(&pthread_create))[argc];
#else
  (void)argc;
  return 0;
#endif
}

Determining if the function pthread_create exists in the pthreads failed with the following output:
Change Dir: /home/dineth/ex2_sdr/gr-albertasat/build/CMakeFiles/CMakeTmp

Run Build Command:"/usr/bin/make" "cmTC_55226/fast"
/usr/bin/make -f CMakeFiles/cmTC_55226.dir/build.make CMakeFiles/cmTC_55226.dir/build
make[1]: Entering directory '/home/dineth/ex2_sdr/gr-albertasat/build/CMakeFiles/CMakeTmp'
Building C object CMakeFiles/cmTC_55226.dir/CheckFunctionExists.c.o
/usr/bin/cc   -DCHECK_FUNCTION_EXISTS=pthread_create   -std=gnu11 -o CMakeFiles/cmTC_55226.dir/CheckFunctionExists.c.o   -c /usr/share/cmake-3.10/Modules/CheckFunctionExists.c
Linking C executable cmTC_55226
/usr/bin/cmake -E cmake_link_script CMakeFiles/cmTC_55226.dir/link.txt --verbose=1
/usr/bin/cc  -DCHECK_FUNCTION_EXISTS=pthread_create    CMakeFiles/cmTC_55226.dir/CheckFunctionExists.c.o  -o cmTC_55226 -lpthreads 
/usr/bin/ld: cannot find -lpthreads
collect2: error: ld returned 1 exit status
CMakeFiles/cmTC_55226.dir/build.make:97: recipe for target 'cmTC_55226' failed
make[1]: *** [cmTC_55226] Error 1
make[1]: Leaving directory '/home/dineth/ex2_sdr/gr-albertasat/build/CMakeFiles/CMakeTmp'
Makefile:126: recipe for target 'cmTC_55226/fast' failed
make: *** [cmTC_55226/fast] Error 2


